The following modules were not unloaded:
  (Use "module --force purge" to unload all):

  1) ModuleLabel/label   2) lumi-tools/24.05   3) init-lumi/0.2

The following sticky modules could not be reloaded:

  1) lumi-tools
2025-04-13 00:50:35.077460: E external/local_xla/xla/stream_executor/plugin_registry.cc:91] Invalid plugin kind specified: FFT
2025-04-13 00:50:40.754643: I tensorflow/core/platform/cpu_feature_guard.cc:210] This TensorFlow binary is optimized to use available CPU instructions in performance-critical operations.
To enable the following instructions: SSE3 SSE4.1 SSE4.2 AVX AVX2 FMA, in other operations, rebuild TensorFlow with the appropriate compiler flags.
2025-04-13 00:50:43.496790: E external/local_xla/xla/stream_executor/plugin_registry.cc:91] Invalid plugin kind specified: DNN
/opt/miniconda3/envs/tensorflow/lib/python3.10/site-packages/keras/src/layers/convolutional/base_conv.py:107: UserWarning: Do not pass an `input_shape`/`input_dim` argument to a layer. When using Sequential models, prefer using an `Input(shape)` object as the first layer in the model instead.
  super().__init__(activity_regularizer=activity_regularizer, **kwargs)
2025-04-13 00:50:58.613994: I tensorflow/core/common_runtime/gpu/gpu_device.cc:1928] Created device /job:localhost/replica:0/task:0/device:GPU:0 with 63922 MB memory:  -> device: 0, name: AMD Instinct MI250X, pci bus id: 0000:ce:00.0
Epoch 1/10
WARNING: All log messages before absl::InitializeLog() is called are written to STDERR
I0000 00:00:1744494668.325491   31966 service.cc:145] XLA service 0x14ff30004630 initialized for platform ROCM (this does not guarantee that XLA will be used). Devices:
I0000 00:00:1744494668.338711   31966 service.cc:153]   StreamExecutor device (0): AMD Instinct MI250X, AMDGPU ISA version: gfx90a:sramecc+:xnack-
2025-04-13 00:51:08.417409: I tensorflow/compiler/mlir/tensorflow/utils/dump_mlir_util.cc:268] disabling MLIR crash reproducer, set env var `MLIR_CRASH_REPRODUCER_DIRECTORY` to enable.
I0000 00:00:1744494679.480435   31966 device_compiler.h:188] Compiled cluster using XLA!  This line is logged at most once for the lifetime of the process.
1563/1563 - 19s - 12ms/step - accuracy: 0.4332 - loss: 1.5516 - val_accuracy: 0.5212 - val_loss: 1.3160
Epoch 2/10
1563/1563 - 4s - 2ms/step - accuracy: 0.5859 - loss: 1.1669 - val_accuracy: 0.6060 - val_loss: 1.1139
Epoch 3/10
1563/1563 - 3s - 2ms/step - accuracy: 0.6494 - loss: 0.9982 - val_accuracy: 0.6590 - val_loss: 0.9784
Epoch 4/10
1563/1563 - 3s - 2ms/step - accuracy: 0.6854 - loss: 0.8973 - val_accuracy: 0.6617 - val_loss: 0.9690
Epoch 5/10
1563/1563 - 3s - 2ms/step - accuracy: 0.7084 - loss: 0.8326 - val_accuracy: 0.6872 - val_loss: 0.8992
Epoch 6/10
1563/1563 - 3s - 2ms/step - accuracy: 0.7311 - loss: 0.7718 - val_accuracy: 0.7026 - val_loss: 0.8744
Epoch 7/10
1563/1563 - 3s - 2ms/step - accuracy: 0.7482 - loss: 0.7251 - val_accuracy: 0.7074 - val_loss: 0.8611
Epoch 8/10
1563/1563 - 3s - 2ms/step - accuracy: 0.7605 - loss: 0.6820 - val_accuracy: 0.7098 - val_loss: 0.8486
Epoch 9/10
1563/1563 - 3s - 2ms/step - accuracy: 0.7751 - loss: 0.6378 - val_accuracy: 0.6913 - val_loss: 0.9200
Epoch 10/10
1563/1563 - 3s - 2ms/step - accuracy: 0.7881 - loss: 0.6016 - val_accuracy: 0.7078 - val_loss: 0.8619
WARNING:absl:You are saving your model as an HDF5 file via `model.save()` or `keras.saving.save_model(model)`. This file format is considered legacy. We recommend using instead the native Keras format, e.g. `model.save('my_model.keras')` or `keras.saving.save_model(model, 'my_model.keras')`. 
Training metrics saved to /scratch/project_number/binod/tensorflow/logs/training_history.json

Training Summary:
Final Training Accuracy: 0.7881
Final Validation Accuracy: 0.7078
Final Training Loss: 0.6016
Final Validation Loss: 0.8619

Training data shape: (50000, 32, 32, 3)
Model saved to /scratch/project_number/binod/tensorflow/saved_models/cifar10_cnn.h5