The following modules were not unloaded:
  (Use "module --force purge" to unload all):

  1) ModuleLabel/label   2) lumi-tools/24.05   3) init-lumi/0.2

The following sticky modules could not be reloaded:

  1) lumi-tools
Epoch: 0, Batch: 0, Loss: 2.3807265758514404
Epoch: 0, Batch: 100, Loss: 0.4375849664211273
Epoch: 0, Batch: 200, Loss: 0.44894447922706604
Epoch: 0, Batch: 300, Loss: 0.18690790235996246
Epoch: 0, Batch: 400, Loss: 0.1783718764781952
Epoch: 0, Batch: 500, Loss: 0.11601120233535767
Epoch: 0, Batch: 600, Loss: 0.15843212604522705
Epoch: 0, Batch: 700, Loss: 0.2292308807373047
Epoch: 0, Batch: 800, Loss: 0.52228182554245
Epoch: 0, Batch: 900, Loss: 0.3462916612625122
Epoch: 0, Batch: 1000, Loss: 0.44368332624435425
Epoch: 0, Batch: 1100, Loss: 0.01706790365278721
Epoch: 0, Batch: 1200, Loss: 0.18487463891506195
Epoch: 0, Batch: 1300, Loss: 0.1352723240852356
Epoch: 0, Batch: 1400, Loss: 0.019308142364025116
Epoch: 0, Batch: 1500, Loss: 0.26069048047065735
Epoch: 0, Batch: 1600, Loss: 0.03894829377532005
Epoch: 0, Batch: 1700, Loss: 0.055891044437885284
Epoch: 0, Batch: 1800, Loss: 0.023457355797290802
Epoch: 1, Batch: 0, Loss: 0.07644858211278915
Epoch: 1, Batch: 100, Loss: 0.046200547367334366
Epoch: 1, Batch: 200, Loss: 0.09264974296092987
Epoch: 1, Batch: 300, Loss: 0.08132316917181015
Epoch: 1, Batch: 400, Loss: 0.07113970071077347
Epoch: 1, Batch: 500, Loss: 0.04115547984838486
Epoch: 1, Batch: 600, Loss: 0.023120051249861717
Epoch: 1, Batch: 700, Loss: 0.1651177555322647
Epoch: 1, Batch: 800, Loss: 0.17605619132518768
Epoch: 1, Batch: 900, Loss: 0.03528953343629837
Epoch: 1, Batch: 1000, Loss: 0.07089081406593323
Epoch: 1, Batch: 1100, Loss: 0.07655302435159683
Epoch: 1, Batch: 1200, Loss: 0.12117596715688705
Epoch: 1, Batch: 1300, Loss: 0.25628066062927246
Epoch: 1, Batch: 1400, Loss: 0.09007662534713745
Epoch: 1, Batch: 1500, Loss: 0.06033832207322121
Epoch: 1, Batch: 1600, Loss: 0.06141623482108116
Epoch: 1, Batch: 1700, Loss: 0.021819673478603363
Epoch: 1, Batch: 1800, Loss: 0.013672064058482647
Starting profiler...
[W506 11:48:28.351618021 collection.cpp:1098] Warning: ROCTracer produced duplicate flow start: 1 (function operator())
Epoch: 2, Batch: 0, Loss: 0.005239956546574831
Epoch: 2, Batch: 100, Loss: 0.036227092146873474
Epoch: 2, Batch: 200, Loss: 0.0678020790219307
Epoch: 2, Batch: 300, Loss: 0.036901094019412994
Epoch: 2, Batch: 400, Loss: 0.03171244263648987
Epoch: 2, Batch: 500, Loss: 0.0626804307103157
Epoch: 2, Batch: 600, Loss: 0.031320877373218536
Epoch: 2, Batch: 700, Loss: 0.12162654101848602
Epoch: 2, Batch: 800, Loss: 0.12955564260482788
Epoch: 2, Batch: 900, Loss: 0.11281411349773407
Epoch: 2, Batch: 1000, Loss: 0.03652912378311157
Epoch: 2, Batch: 1100, Loss: 0.06642238050699234
Epoch: 2, Batch: 1200, Loss: 0.009201668202877045
Epoch: 2, Batch: 1300, Loss: 0.01111498475074768
Epoch: 2, Batch: 1400, Loss: 0.050771985203027725
Epoch: 2, Batch: 1500, Loss: 0.03536273539066315
Epoch: 2, Batch: 1600, Loss: 0.12076914310455322
Epoch: 2, Batch: 1700, Loss: 0.08685563504695892
Epoch: 2, Batch: 1800, Loss: 0.055714961141347885
Profiler stopped. Exporting trace...
Epoch: 3, Batch: 0, Loss: 0.05446785315871239
Epoch: 3, Batch: 100, Loss: 0.0071675144135952
Epoch: 3, Batch: 200, Loss: 0.06848417967557907
Epoch: 3, Batch: 300, Loss: 0.04533962905406952
Epoch: 3, Batch: 400, Loss: 0.029315311461687088
Epoch: 3, Batch: 500, Loss: 0.2053966373205185
Epoch: 3, Batch: 600, Loss: 0.0020174547098577023
Epoch: 3, Batch: 700, Loss: 0.03690899908542633
Epoch: 3, Batch: 800, Loss: 0.10702233761548996
Epoch: 3, Batch: 900, Loss: 0.10129253566265106
Epoch: 3, Batch: 1000, Loss: 0.03998592123389244
Epoch: 3, Batch: 1100, Loss: 0.09689883887767792
Epoch: 3, Batch: 1200, Loss: 0.059651363641023636
Epoch: 3, Batch: 1300, Loss: 0.01927361823618412
Epoch: 3, Batch: 1400, Loss: 0.011526986956596375
Epoch: 3, Batch: 1500, Loss: 0.15575067698955536
Epoch: 3, Batch: 1600, Loss: 0.04415202513337135
Epoch: 3, Batch: 1700, Loss: 0.04803743585944176
Epoch: 3, Batch: 1800, Loss: 0.01886022463440895
Epoch: 4, Batch: 0, Loss: 0.03270615264773369
Epoch: 4, Batch: 100, Loss: 0.07766687124967575
Epoch: 4, Batch: 200, Loss: 0.016514627262949944
Epoch: 4, Batch: 300, Loss: 0.025129932910203934
Epoch: 4, Batch: 400, Loss: 0.05806278437376022
Epoch: 4, Batch: 500, Loss: 0.03233051300048828
Epoch: 4, Batch: 600, Loss: 0.09775340557098389
Epoch: 4, Batch: 700, Loss: 0.0110568106174469
Epoch: 4, Batch: 800, Loss: 0.08035861700773239
Epoch: 4, Batch: 900, Loss: 0.015826692804694176
Epoch: 4, Batch: 1000, Loss: 0.07598613947629929
Epoch: 4, Batch: 1100, Loss: 0.02592511475086212
Epoch: 4, Batch: 1200, Loss: 0.009203346446156502
Epoch: 4, Batch: 1300, Loss: 0.05511004477739334
Epoch: 4, Batch: 1400, Loss: 0.006817406974732876
Epoch: 4, Batch: 1500, Loss: 0.052965324372053146
Epoch: 4, Batch: 1600, Loss: 0.005932422820478678
Epoch: 4, Batch: 1700, Loss: 0.01351210754364729
Epoch: 4, Batch: 1800, Loss: 0.00516563979908824
